<?xml version="1.0" encoding="UTF-8"?>
<!-- Generated by org.testng.reporters.JUnitXMLReporter -->
<testsuite hostname="ATNSW-BENCH009" name="FirefoxTest(failed)" tests="1" failures="1" timestamp="9 Oct 2016 23:15:36 GMT" time="1.431" errors="0">
  <testcase name="@AfterClass afterClass" time="0.0" classname="DataProvider.DataProviderWithTest_002">
    <failure type="java.lang.NullPointerException">
      <![CDATA[java.lang.NullPointerException
	at DataProvider.DataProviderWithTest_002.afterClass(DataProviderWithTest_002.java:84)
... Removed 24 stack frames]]>
    </failure>
  </testcase> <!-- @AfterClass afterClass -->
  <testcase name="gmailLogin" time="0.024" classname="DataProvider.DataProviderWithTest_002">
    <failure type="java.lang.NullPointerException">
      <![CDATA[java.lang.NullPointerException
	at DataProvider.DataProviderWithTest_002.gmailLogin(DataProviderWithTest_002.java:49)
... Removed 24 stack frames]]>
    </failure>
  </testcase> <!-- gmailLogin -->
</testsuite> <!-- FirefoxTest(failed) -->
