<?xml version="1.0" encoding="UTF-8"?>
<testng-results skipped="1" failed="0" total="1" passed="0">
  <reporter-output>
  </reporter-output>
  <suite name="Default suite" duration-ms="1441" started-at="2016-10-12T01:13:43Z" finished-at="2016-10-12T01:13:45Z">
    <groups>
    </groups>
    <test name="Default test" duration-ms="1441" started-at="2016-10-12T01:13:43Z" finished-at="2016-10-12T01:13:45Z">
      <class name="DataProvider.DataProviderWithTest_002">
        <test-method status="FAIL" signature="beforeMethod(java.lang.String, java.lang.String)[pri:0, instance:DataProvider.DataProviderWithTest_002@475530b9]" name="beforeMethod" is-config="true" duration-ms="0" started-at="2016-10-12T12:13:45Z" finished-at="2016-10-12T12:13:45Z">
          <exception class="org.testng.TestNGException">
            <message>
              <![CDATA[
Parameter 'Browser' is required by @Configuration on method beforeMethod but has not been marked @Optional or defined
in C:\Users\ATNSW-Admin\AppData\Local\Temp\testng-eclipse--973832891\testng-customsuite.xml]]>
            </message>
            <full-stacktrace>
              <![CDATA[org.testng.TestNGException: 
Parameter 'Browser' is required by @Configuration on method beforeMethod but has not been marked @Optional or defined
in C:\Users\ATNSW-Admin\AppData\Local\Temp\testng-eclipse--973832891\testng-customsuite.xml
	at org.testng.internal.Parameters.createParameters(Parameters.java:154)
	at org.testng.internal.Parameters.createParameters(Parameters.java:361)
	at org.testng.internal.Parameters.createConfigurationParameters(Parameters.java:84)
	at org.testng.internal.Invoker.invokeConfigurations(Invoker.java:197)
	at org.testng.internal.Invoker.invokeMethod(Invoker.java:585)
	at org.testng.internal.Invoker.invokeTestMethod(Invoker.java:816)
	at org.testng.internal.Invoker.invokeTestMethods(Invoker.java:1124)
	at org.testng.internal.TestMethodWorker.invokeTestMethods(TestMethodWorker.java:125)
	at org.testng.internal.TestMethodWorker.run(TestMethodWorker.java:108)
	at org.testng.TestRunner.privateRun(TestRunner.java:774)
	at org.testng.TestRunner.run(TestRunner.java:624)
	at org.testng.SuiteRunner.runTest(SuiteRunner.java:359)
	at org.testng.SuiteRunner.runSequentially(SuiteRunner.java:354)
	at org.testng.SuiteRunner.privateRun(SuiteRunner.java:312)
	at org.testng.SuiteRunner.run(SuiteRunner.java:261)
	at org.testng.SuiteRunnerWorker.runSuite(SuiteRunnerWorker.java:52)
	at org.testng.SuiteRunnerWorker.run(SuiteRunnerWorker.java:86)
	at org.testng.TestNG.runSuitesSequentially(TestNG.java:1215)
	at org.testng.TestNG.runSuitesLocally(TestNG.java:1140)
	at org.testng.TestNG.run(TestNG.java:1048)
	at org.testng.remote.AbstractRemoteTestNG.run(AbstractRemoteTestNG.java:132)
	at org.testng.remote.RemoteTestNG.initAndRun(RemoteTestNG.java:236)
	at org.testng.remote.RemoteTestNG.main(RemoteTestNG.java:81)
]]>
            </full-stacktrace>
          </exception> <!-- org.testng.TestNGException -->
          <reporter-output>
          </reporter-output>
        </test-method> <!-- beforeMethod -->
        <test-method status="SKIP" signature="gmailLogin(java.lang.String, java.lang.String)[pri:0, instance:DataProvider.DataProviderWithTest_002@475530b9]" name="gmailLogin" duration-ms="18" started-at="2016-10-12T12:13:45Z" data-provider="Authentication" finished-at="2016-10-12T12:13:45Z">
          <params>
            <param index="0">
              <value>
                <![CDATA[tamushilpi]]>
              </value>
            </param>
            <param index="1">
              <value>
                <![CDATA[summer1984]]>
              </value>
            </param>
          </params>
          <reporter-output>
          </reporter-output>
        </test-method> <!-- gmailLogin -->
        <test-method status="SKIP" signature="aftermethod()[pri:0, instance:DataProvider.DataProviderWithTest_002@475530b9]" name="aftermethod" is-config="true" duration-ms="0" started-at="2016-10-12T12:13:45Z" finished-at="2016-10-12T12:13:45Z">
          <reporter-output>
          </reporter-output>
        </test-method> <!-- aftermethod -->
      </class> <!-- DataProvider.DataProviderWithTest_002 -->
    </test> <!-- Default test -->
  </suite> <!-- Default suite -->
</testng-results>
